#
# There is insufficient memory for the Java Runtime Environment to continue.
# Native memory allocation (malloc) failed to allocate 32744 bytes for ChunkPool::allocate
# Possible reasons:
#   The system is out of physical RAM or swap space
#   In 32 bit mode, the process size limit was hit
# Possible solutions:
#   Reduce memory load on the system
#   Increase physical memory or swap space
#   Check if swap backing store is full
#   Use 64 bit Java on a 64 bit OS
#   Decrease Java heap size (-Xmx/-Xms)
#   Decrease number of Java threads
#   Decrease Java thread stack sizes (-Xss)
#   Set larger code cache with -XX:ReservedCodeCacheSize=
# This output file may be truncated or incomplete.
#
#  Out of Memory Error (allocation.cpp:273), pid=53068, tid=0x000000000000cd10
#
# JRE version: Java(TM) SE Runtime Environment (8.0_144-b01) (build 1.8.0_144-b01)
# Java VM: Java HotSpot(TM) 64-Bit Server VM (25.144-b01 mixed mode windows-amd64 compressed oops)
# Failed to write core dump. Minidumps are not enabled by default on client versions of Windows
#

---------------  T H R E A D  ---------------

Current thread (0x000000001e837800):  JavaThread "C2 CompilerThread1" daemon [_thread_in_native, id=52496, stack(0x000000001f300000,0x000000001f400000)]

Stack: [0x000000001f300000,0x000000001f400000]
[error occurred during error reporting (printing stack bounds), id 0xc0000005]

Native frames: (J=compiled Java code, j=interpreted, Vv=VM code, C=native code)


Current CompileTask:
C2:66580289 3101       4       com.alibaba.fastjson.parser.deserializer.FastjsonASMDeserializer_1_RemoteCommand::deserialze (1165 bytes)


---------------  P R O C E S S  ---------------

Java Threads: ( => current thread )
  0x0000000020393800 JavaThread "nioEventLoopWorkerGroup thread index0" [_thread_in_native, id=54616, stack(0x00000000253b0000,0x00000000254b0000)]
  0x0000000020394000 JavaThread "rpc" [_thread_blocked, id=51636, stack(0x00000000252b0000,0x00000000253b0000)]
  0x0000000020395000 JavaThread "rpc" [_thread_blocked, id=51736, stack(0x00000000251b0000,0x00000000252b0000)]
  0x0000000020399800 JavaThread "rpc" [_thread_blocked, id=9128, stack(0x00000000250b0000,0x00000000251b0000)]
  0x0000000020398000 JavaThread "nioEventLoopWorkerGroup thread index0" [_thread_in_native, id=16960, stack(0x0000000024fb0000,0x00000000250b0000)]
  0x0000000020397000 JavaThread "RegisterRequestThread working" [_thread_blocked, id=51280, stack(0x0000000024eb0000,0x0000000024fb0000)]
  0x0000000020392800 JavaThread "RegisterRequestThread working" [_thread_blocked, id=51300, stack(0x0000000024db0000,0x0000000024eb0000)]
  0x0000000020398800 JavaThread "versionRequestThread working" [_thread_blocked, id=52824, stack(0x0000000024cb0000,0x0000000024db0000)]
  0x0000000020396800 JavaThread "Connect thread 192.168.10.2 session" [_thread_blocked, id=51412, stack(0x0000000024bb0000,0x0000000024cb0000)]
  0x00000000212f8800 JavaThread "versionRequestThread working" [_thread_blocked, id=49236, stack(0x00000000246b0000,0x00000000247b0000)]
  0x00000000212fa000 JavaThread "RegisterRequestThread working" [_thread_blocked, id=49324, stack(0x00000000245b0000,0x00000000246b0000)]
  0x00000000212f7000 JavaThread "nioEventLoopWorkerGroup thread index0" [_thread_blocked, id=51716, stack(0x00000000244b0000,0x00000000245b0000)]
  0x00000000212fd000 JavaThread "versionRequestThread working" [_thread_blocked, id=52656, stack(0x00000000243b0000,0x00000000244b0000)]
  0x00000000212fb800 JavaThread "defaultEventExecutorGroup thread index0" [_thread_blocked, id=52664, stack(0x00000000242b0000,0x00000000243b0000)]
  0x00000000212f9000 JavaThread "nioEventLoopWorkerGroup thread index0" [_thread_in_native, id=52668, stack(0x00000000241b0000,0x00000000242b0000)]
  0x00000000212fd800 JavaThread "eventExecutor group thread index0" [_thread_blocked, id=44500, stack(0x00000000240b0000,0x00000000241b0000)]
  0x00000000212fc000 JavaThread "nioEventLoopGroup thread index0" [_thread_in_native, id=51904, stack(0x0000000023fb0000,0x00000000240b0000)]
  0x00000000212fa800 JavaThread "DestroyJavaVM" [_thread_blocked, id=53200, stack(0x0000000002cf0000,0x0000000002df0000)]
  0x000000002039a800 JavaThread "eventExecutor group thread index0" [_thread_blocked, id=52624, stack(0x0000000023bb0000,0x0000000023cb0000)]
  0x0000000021c1c800 JavaThread "nioEventLoopGroup thread index0" [_thread_in_native, id=52620, stack(0x0000000023ab0000,0x0000000023bb0000)]
  0x0000000021c1b800 JavaThread "syncAccountThread working" [_thread_blocked, id=52612, stack(0x00000000239b0000,0x0000000023ab0000)]
  0x000000001ff03000 JavaThread "heartBeatThread working" [_thread_blocked, id=52600, stack(0x00000000238b0000,0x00000000239b0000)]
  0x000000001fee3000 JavaThread "DisPatchRegisterThread working" [_thread_blocked, id=2316, stack(0x00000000237b0000,0x00000000238b0000)]
  0x000000001fe31000 JavaThread "nioEventLoopBossGroup thread index0" [_thread_in_native, id=45456, stack(0x00000000236b0000,0x00000000237b0000)]
  0x000000001e8cd800 JavaThread "Service Thread" daemon [_thread_blocked, id=52548, stack(0x000000001f600000,0x000000001f700000)]
  0x000000001e83e800 JavaThread "C1 CompilerThread3" daemon [_thread_blocked, id=52524, stack(0x000000001f500000,0x000000001f600000)]
  0x000000001e83e000 JavaThread "C2 CompilerThread2" daemon [_thread_in_native, id=50324, stack(0x000000001f400000,0x000000001f500000)]
=>0x000000001e837800 JavaThread "C2 CompilerThread1" daemon [_thread_in_native, id=52496, stack(0x000000001f300000,0x000000001f400000)]
  0x000000001e844800 JavaThread "C2 CompilerThread0" daemon [_thread_blocked, id=52108, stack(0x000000001f200000,0x000000001f300000)]
  0x000000001e829800 JavaThread "JDWP Command Reader" daemon [_thread_in_native, id=52028, stack(0x000000001f100000,0x000000001f200000)]
  0x000000001e828000 JavaThread "JDWP Event Helper Thread" daemon [_thread_blocked, id=51936, stack(0x000000001f000000,0x000000001f100000)]
  0x000000001e81b800 JavaThread "JDWP Transport Listener: dt_socket" daemon [_thread_blocked, id=51940, stack(0x000000001ef00000,0x000000001f000000)]
  0x000000001e813800 JavaThread "Attach Listener" daemon [_thread_blocked, id=49268, stack(0x000000001ed80000,0x000000001ee80000)]
  0x000000001e810000 JavaThread "Signal Dispatcher" daemon [_thread_blocked, id=52288, stack(0x000000001ec80000,0x000000001ed80000)]
  0x000000001e7a0800 JavaThread "Finalizer" daemon [_thread_blocked, id=51288, stack(0x000000001eb80000,0x000000001ec80000)]
  0x0000000002eeb000 JavaThread "Reference Handler" daemon [_thread_blocked, id=51292, stack(0x000000001e680000,0x000000001e780000)]

Other Threads:
  0x000000001c8b9000 VMThread [stack: 0x000000001e580000,0x000000001e680000] [id=50248]
  0x000000001e85f800 WatcherThread [stack: 0x000000001f700000,0x000000001f800000] [id=52564]

VM state:at safepoint (normal execution)

VM Mutex/Monitor currently owned by a thread:  ([mutex/lock_event])
[0x0000000002df1d50] Threads_lock - owner thread: 0x000000001c8b9000

Heap:
 PSYoungGen      total 67072K, used 26689K [0x000000076b600000, 0x0000000770380000, 0x00000007c0000000)
  eden space 57856K, 45% used [0x000000076b600000,0x000000076cfd0748,0x000000076ee80000)
  from space 9216K, 2% used [0x000000076fa80000,0x000000076fac0000,0x0000000770380000)
  to   space 10752K, 0% used [0x000000076ee80000,0x000000076ee80000,0x000000076f900000)
 ParOldGen       total 70656K, used 5390K [0x00000006c2200000, 0x00000006c6700000, 0x000000076b600000)
  object space 70656K, 7% used [0x00000006c2200000,0x00000006c2743890,0x00000006c6700000)
 Metaspace       used 21358K, capacity 21690K, committed 22064K, reserved 1069056K
  class space    used 2261K, capacity 2347K, committed 2432K, reserved 1048576K

Card table byte_map: [0x00000000122b0000,0x0000000012aa0000] byte_map_base: 0x000000000ec9f000

Marking Bits: (ParMarkBitMap*) 0x000000006b98d850
 Begin Bits: [0x00000000137f0000, 0x0000000017768000)
 End Bits:   [0x0000000017768000, 0x000000001b6e0000)

Polling page: 0x0000000000c80000

CodeCache: size=245760Kb used=9718Kb max_used=9747Kb free=236041Kb
 bounds [0x0000000002ef0000, 0x00000000038b0000, 0x0000000011ef0000]
 total_blobs=2959 nmethods=2545 adapters=334
 compilation: enabled

Compilation events (10 events):
Event: 66484.794 Thread 0x000000001e837800 3100   !   4       appcloud.netty.remoting.protocol.RemoteCommand::markConsumerHeader (147 bytes)
Event: 66484.798 Thread 0x000000001e844800 nmethod 3097 0x00000000038914d0 code [0x00000000038917e0, 0x0000000003893dc8]
Event: 66484.799 Thread 0x000000001e844800 3099       4       appcloud.netty.remoting.protocol.RemoteCommand::encodeHeaderData (48 bytes)
Event: 66484.807 Thread 0x000000001e837800 nmethod 3100 0x0000000003730250 code [0x0000000003730440, 0x00000000037312f0]
Event: 66484.807 Thread 0x000000001e837800 3098       4       appcloud.netty.remoting.protocol.RemoteCommand::encode (87 bytes)
Event: 66484.815 Thread 0x000000001e837800 nmethod 3098 0x0000000003350510 code [0x0000000003350700, 0x00000000033511f0]
Event: 66484.817 Thread 0x000000001e844800 nmethod 3099 0x00000000034b7190 code [0x00000000034b7400, 0x00000000034b8780]
Event: 66484.818 Thread 0x000000001e83e000 nmethod 3095 0x0000000003896f50 code [0x0000000003897340, 0x000000000389b888]
Event: 66571.097 Thread 0x000000001e837800 3101       4       com.alibaba.fastjson.parser.deserializer.FastjsonASMDeserializer_1_RemoteCommand::deserialze (1165 bytes)
Event: 66571.100 Thread 0x000000001e83e000 3102       4       com.alibaba.fastjson.serializer.ASMSerializer_1_RemoteCommand::writeNormal (2757 bytes)

GC Heap History (10 events):
Event: 28831.189 GC heap before
{Heap before GC invocations=7 (full 1):
 PSYoungGen      total 74240K, used 63584K [0x000000076b600000, 0x0000000770c00000, 0x00000007c0000000)
  eden space 63488K, 100% used [0x000000076b600000,0x000000076f400000,0x000000076f400000)
  from space 10752K, 0% used [0x000000076f580000,0x000000076f598000,0x0000000770000000)
  to   space 12288K, 0% used [0x0000000770000000,0x0000000770000000,0x0000000770c00000)
 ParOldGen       total 70656K, used 5178K [0x00000006c2200000, 0x00000006c6700000, 0x000000076b600000)
  object space 70656K, 7% used [0x00000006c2200000,0x00000006c270e880,0x00000006c6700000)
 Metaspace       used 21344K, capacity 21626K, committed 22064K, reserved 1069056K
  class space    used 2261K, capacity 2347K, committed 2432K, reserved 1048576K
Event: 28831.207 GC heap after
Heap after GC invocations=7 (full 1):
 PSYoungGen      total 72704K, used 256K [0x000000076b600000, 0x0000000770a80000, 0x00000007c0000000)
  eden space 61952K, 0% used [0x000000076b600000,0x000000076b600000,0x000000076f280000)
  from space 10752K, 2% used [0x0000000770000000,0x0000000770040000,0x0000000770a80000)
  to   space 12288K, 0% used [0x000000076f280000,0x000000076f280000,0x000000076fe80000)
 ParOldGen       total 70656K, used 5186K [0x00000006c2200000, 0x00000006c6700000, 0x000000076b600000)
  object space 70656K, 7% used [0x00000006c2200000,0x00000006c2710880,0x00000006c6700000)
 Metaspace       used 21344K, capacity 21626K, committed 22064K, reserved 1069056K
  class space    used 2261K, capacity 2347K, committed 2432K, reserved 1048576K
}
Event: 37531.101 GC heap before
{Heap before GC invocations=8 (full 1):
 PSYoungGen      total 72704K, used 62208K [0x000000076b600000, 0x0000000770a80000, 0x00000007c0000000)
  eden space 61952K, 100% used [0x000000076b600000,0x000000076f280000,0x000000076f280000)
  from space 10752K, 2% used [0x0000000770000000,0x0000000770040000,0x0000000770a80000)
  to   space 12288K, 0% used [0x000000076f280000,0x000000076f280000,0x000000076fe80000)
 ParOldGen       total 70656K, used 5186K [0x00000006c2200000, 0x00000006c6700000, 0x000000076b600000)
  object space 70656K, 7% used [0x00000006c2200000,0x00000006c2710880,0x00000006c6700000)
 Metaspace       used 21354K, capacity 21626K, committed 22064K, reserved 1069056K
  class space    used 2261K, capacity 2347K, committed 2432K, reserved 1048576K
Event: 37531.103 GC heap after
Heap after GC invocations=8 (full 1):
 PSYoungGen      total 61440K, used 288K [0x000000076b600000, 0x0000000770880000, 0x00000007c0000000)
  eden space 60928K, 0% used [0x000000076b600000,0x000000076b600000,0x000000076f180000)
  from space 512K, 56% used [0x000000076f280000,0x000000076f2c8000,0x000000076f300000)
  to   space 11776K, 0% used [0x000000076fd00000,0x000000076fd00000,0x0000000770880000)
 ParOldGen       total 70656K, used 5186K [0x00000006c2200000, 0x00000006c6700000, 0x000000076b600000)
  object space 70656K, 7% used [0x00000006c2200000,0x00000006c2710880,0x00000006c6700000)
 Metaspace       used 21354K, capacity 21626K, committed 22064K, reserved 1069056K
  class space    used 2261K, capacity 2347K, committed 2432K, reserved 1048576K
}
Event: 46111.101 GC heap before
{Heap before GC invocations=9 (full 1):
 PSYoungGen      total 61440K, used 61216K [0x000000076b600000, 0x0000000770880000, 0x00000007c0000000)
  eden space 60928K, 100% used [0x000000076b600000,0x000000076f180000,0x000000076f180000)
  from space 512K, 56% used [0x000000076f280000,0x000000076f2c8000,0x000000076f300000)
  to   space 11776K, 0% used [0x000000076fd00000,0x000000076fd00000,0x0000000770880000)
 ParOldGen       total 70656K, used 5186K [0x00000006c2200000, 0x00000006c6700000, 0x000000076b600000)
  object space 70656K, 7% used [0x00000006c2200000,0x00000006c2710880,0x00000006c6700000)
 Metaspace       used 21354K, capacity 21626K, committed 22064K, reserved 1069056K
  class space    used 2261K, capacity 2347K, committed 2432K, reserved 1048576K
Event: 46111.102 GC heap after
Heap after GC invocations=9 (full 1):
 PSYoungGen      total 69632K, used 256K [0x000000076b600000, 0x0000000770680000, 0x00000007c0000000)
  eden space 59904K, 0% used [0x000000076b600000,0x000000076b600000,0x000000076f080000)
  from space 9728K, 2% used [0x000000076fd00000,0x000000076fd40000,0x0000000770680000)
  to   space 11264K, 0% used [0x000000076f080000,0x000000076f080000,0x000000076fb80000)
 ParOldGen       total 70656K, used 5262K [0x00000006c2200000, 0x00000006c6700000, 0x000000076b600000)
  object space 70656K, 7% used [0x00000006c2200000,0x00000006c2723890,0x00000006c6700000)
 Metaspace       used 21354K, capacity 21626K, committed 22064K, reserved 1069056K
  class space    used 2261K, capacity 2347K, committed 2432K, reserved 1048576K
}
Event: 54544.747 GC heap before
{Heap before GC invocations=10 (full 1):
 PSYoungGen      total 69632K, used 60160K [0x000000076b600000, 0x0000000770680000, 0x00000007c0000000)
  eden space 59904K, 100% used [0x000000076b600000,0x000000076f080000,0x000000076f080000)
  from space 9728K, 2% used [0x000000076fd00000,0x000000076fd40000,0x0000000770680000)
  to   space 11264K, 0% used [0x000000076f080000,0x000000076f080000,0x000000076fb80000)
 ParOldGen       total 70656K, used 5262K [0x00000006c2200000, 0x00000006c6700000, 0x000000076b600000)
  object space 70656K, 7% used [0x00000006c2200000,0x00000006c2723890,0x00000006c6700000)
 Metaspace       used 21354K, capacity 21626K, committed 22064K, reserved 1069056K
  class space    used 2261K, capacity 2347K, committed 2432K, reserved 1048576K
Event: 54544.750 GC heap after
Heap after GC invocations=10 (full 1):
 PSYoungGen      total 59392K, used 256K [0x000000076b600000, 0x0000000770580000, 0x00000007c0000000)
  eden space 58880K, 0% used [0x000000076b600000,0x000000076b600000,0x000000076ef80000)
  from space 512K, 50% used [0x000000076f080000,0x000000076f0c0000,0x000000076f100000)
  to   space 11264K, 0% used [0x000000076fa80000,0x000000076fa80000,0x0000000770580000)
 ParOldGen       total 70656K, used 5342K [0x00000006c2200000, 0x00000006c6700000, 0x000000076b600000)
  object space 70656K, 7% used [0x00000006c2200000,0x00000006c2737890,0x00000006c6700000)
 Metaspace       used 21354K, capacity 21626K, committed 22064K, reserved 1069056K
  class space    used 2261K, capacity 2347K, committed 2432K, reserved 1048576K
}
Event: 62884.745 GC heap before
{Heap before GC invocations=11 (full 1):
 PSYoungGen      total 59392K, used 59136K [0x000000076b600000, 0x0000000770580000, 0x00000007c0000000)
  eden space 58880K, 100% used [0x000000076b600000,0x000000076ef80000,0x000000076ef80000)
  from space 512K, 50% used [0x000000076f080000,0x000000076f0c0000,0x000000076f100000)
  to   space 11264K, 0% used [0x000000076fa80000,0x000000076fa80000,0x0000000770580000)
 ParOldGen       total 70656K, used 5342K [0x00000006c2200000, 0x00000006c6700000, 0x000000076b600000)
  object space 70656K, 7% used [0x00000006c2200000,0x00000006c2737890,0x00000006c6700000)
 Metaspace       used 21358K, capacity 21690K, committed 22064K, reserved 1069056K
  class space    used 2261K, capacity 2347K, committed 2432K, reserved 1048576K
Event: 62884.748 GC heap after
Heap after GC invocations=11 (full 1):
 PSYoungGen      total 67072K, used 256K [0x000000076b600000, 0x0000000770380000, 0x00000007c0000000)
  eden space 57856K, 0% used [0x000000076b600000,0x000000076b600000,0x000000076ee80000)
  from space 9216K, 2% used [0x000000076fa80000,0x000000076fac0000,0x0000000770380000)
  to   space 10752K, 0% used [0x000000076ee80000,0x000000076ee80000,0x000000076f900000)
 ParOldGen       total 70656K, used 5390K [0x00000006c2200000, 0x00000006c6700000, 0x000000076b600000)
  object space 70656K, 7% used [0x00000006c2200000,0x00000006c2743890,0x00000006c6700000)
 Metaspace       used 21358K, capacity 21690K, committed 22064K, reserved 1069056K
  class space    used 2261K, capacity 2347K, committed 2432K, reserved 1048576K
}

Deoptimization events (10 events):
Event: 31.600 Thread 0x00000000212fa000 Uncommon trap: reason=bimorphic action=maybe_recompile pc=0x000000000316f064 method=java.net.URL.<init>(Ljava/net/URL;Ljava/lang/String;Ljava/net/URLStreamHandler;)V @ 504
Event: 1804.018 Thread 0x0000000021c1c800 Uncommon trap: reason=unstable_if action=reinterpret pc=0x00000000030481e4 method=sun.nio.ch.SelectorImpl.processDeregisterQueue()V @ 15
Event: 5044.760 Thread 0x00000000212f9000 Uncommon trap: reason=unstable_if action=reinterpret pc=0x00000000030cd840 method=io.netty.util.internal.MpscLinkedQueue.peekNode()Lio/netty/util/internal/MpscLinkedQueueNode; @ 19
Event: 8903.566 Thread 0x000000001fe31000 Uncommon trap: reason=unstable_if action=reinterpret pc=0x000000000366b628 method=io.netty.util.concurrent.SingleThreadEventExecutor.startThread()V @ 8
Event: 17073.418 Thread 0x0000000020396800 Uncommon trap: reason=unstable_if action=reinterpret pc=0x000000000303b5a0 method=com.jcraft.jsch.Channel.getChannel(ILcom/jcraft/jsch/Session;)Lcom/jcraft/jsch/Channel; @ 15
Event: 27811.103 Thread 0x00000000212fb800 Uncommon trap: reason=unstable_if action=reinterpret pc=0x0000000003734010 method=org.apache.log4j.helpers.ISO8601DateFormat.format(Ljava/util/Date;Ljava/lang/StringBuffer;Ljava/text/FieldPosition;)Ljava/lang/StringBuffer; @ 284
Event: 34684.747 Thread 0x00000000212f9000 Uncommon trap: reason=unstable_if action=reinterpret pc=0x0000000003317154 method=io.netty.channel.nio.NioEventLoop.select(Z)V @ 93
Event: 36751.100 Thread 0x00000000212fa000 Uncommon trap: reason=unstable_if action=reinterpret pc=0x00000000030792c0 method=java.util.concurrent.atomic.AtomicLongFieldUpdater.addAndGet(Ljava/lang/Object;J)J @ 22
Event: 53704.752 Thread 0x00000000212fd800 Uncommon trap: reason=unstable_if action=reinterpret pc=0x000000000351b108 method=java.util.concurrent.locks.AbstractQueuedSynchronizer.doReleaseShared()V @ 69
Event: 62164.734 Thread 0x000000001fee3000 Uncommon trap: reason=unstable_if action=reinterpret pc=0x00000000034aa30c method=java.util.concurrent.locks.AbstractQueuedSynchronizer$ConditionObject.awaitNanos(J)J @ 73

Internal exceptions (10 events):
Event: 1.217 Thread 0x0000000002df4800 Exception <a 'java/lang/ArrayIndexOutOfBoundsException'> (0x000000076de39aa8) thrown at [C:\re\workspace\8-2-build-windows-amd64-cygwin\jdk8u144\9417\hotspot\src\share\vm\runtime\sharedRuntime.cpp, line 605]
Event: 1.309 Thread 0x0000000002df4800 Exception <a 'java/lang/ArrayIndexOutOfBoundsException'> (0x000000076e2e11a8) thrown at [C:\re\workspace\8-2-build-windows-amd64-cygwin\jdk8u144\9417\hotspot\src\share\vm\runtime\sharedRuntime.cpp, line 605]
Event: 1.321 Thread 0x0000000002df4800 Exception <a 'java/lang/ArrayIndexOutOfBoundsException'> (0x000000076e2ed088) thrown at [C:\re\workspace\8-2-build-windows-amd64-cygwin\jdk8u144\9417\hotspot\src\share\vm\runtime\sharedRuntime.cpp, line 605]
Event: 2.201 Thread 0x0000000002df4800 Exception <a 'java/lang/NoSuchFieldError': method resolution failed> (0x000000076ed65038) thrown at [C:\re\workspace\8-2-build-windows-amd64-cygwin\jdk8u144\9417\hotspot\src\share\vm\prims\methodHandles.cpp, line 1146]
Event: 2.202 Thread 0x0000000002df4800 Exception <a 'java/lang/NoSuchFieldError': method resolution failed> (0x000000076ed72728) thrown at [C:\re\workspace\8-2-build-windows-amd64-cygwin\jdk8u144\9417\hotspot\src\share\vm\prims\methodHandles.cpp, line 1146]
Event: 2.579 Thread 0x0000000002df4800 Exception <a 'java/lang/ArrayIndexOutOfBoundsException'> (0x000000076ef70e30) thrown at [C:\re\workspace\8-2-build-windows-amd64-cygwin\jdk8u144\9417\hotspot\src\share\vm\runtime\sharedRuntime.cpp, line 605]
Event: 3.877 Thread 0x000000002039a800 Exception <a 'java/lang/NoSuchMethodError': <clinit>> (0x000000076be4c6e8) thrown at [C:\re\workspace\8-2-build-windows-amd64-cygwin\jdk8u144\9417\hotspot\src\share\vm\prims\jni.cpp, line 1613]
Event: 3.877 Thread 0x000000002039a800 Exception <a 'java/lang/NoSuchMethodError': <clinit>> (0x000000076be4d608) thrown at [C:\re\workspace\8-2-build-windows-amd64-cygwin\jdk8u144\9417\hotspot\src\share\vm\prims\jni.cpp, line 1613]
Event: 8979.046 Thread 0x0000000020393800 Exception <a 'java/io/IOException'> (0x000000076e523138) thrown at [C:\re\workspace\8-2-build-windows-amd64-cygwin\jdk8u144\9417\hotspot\src\share\vm\prims\jni.cpp, line 709]
Event: 9079.119 Thread 0x00000000212f9000 Exception <a 'java/io/IOException'> (0x000000076b9661c0) thrown at [C:\re\workspace\8-2-build-windows-amd64-cygwin\jdk8u144\9417\hotspot\src\share\vm\prims\jni.cpp, line 709]

Events (10 events):
Event: 66511.310 Executing VM operation: RevokeBias done
Event: 66544.736 Executing VM operation: RevokeBias
Event: 66544.736 Executing VM operation: RevokeBias done
Event: 66544.740 Executing VM operation: RevokeBias
Event: 66544.740 Executing VM operation: RevokeBias done
Event: 66544.746 Executing VM operation: RevokeBias
Event: 66544.746 Executing VM operation: RevokeBias done
Event: 66544.746 Executing VM operation: RevokeBias
Event: 66544.746 Executing VM operation: RevokeBias done
Event: 66571.100 Executing VM operation: RevokeBias


Dynamic libraries:
0x00007ff68bc50000 - 0x00007ff68bc87000 	H:\mylib\Java\jdk1.8.0_144\bin\java.exe
0x00007fffc1000000 - 0x00007fffc11e1000 	C:\WINDOWS\SYSTEM32\ntdll.dll
0x00007fffbee70000 - 0x00007fffbef22000 	C:\WINDOWS\System32\KERNEL32.DLL
0x00007fffbd840000 - 0x00007fffbdab3000 	C:\WINDOWS\System32\KERNELBASE.dll
0x00007fffbe670000 - 0x00007fffbe711000 	C:\WINDOWS\System32\ADVAPI32.dll
0x00007fffbf4a0000 - 0x00007fffbf53e000 	C:\WINDOWS\System32\msvcrt.dll
0x00007fffbe610000 - 0x00007fffbe66b000 	C:\WINDOWS\System32\sechost.dll
0x00007fffc0ea0000 - 0x00007fffc0fc4000 	C:\WINDOWS\System32\RPCRT4.dll
0x00007fffbe760000 - 0x00007fffbe8f0000 	C:\WINDOWS\System32\USER32.dll
0x00007fffbdac0000 - 0x00007fffbdae0000 	C:\WINDOWS\System32\win32u.dll
0x00007fffbf2d0000 - 0x00007fffbf2f8000 	C:\WINDOWS\System32\GDI32.dll
0x00007fffbd640000 - 0x00007fffbd7d2000 	C:\WINDOWS\System32\gdi32full.dll
0x00007fffbd550000 - 0x00007fffbd5ef000 	C:\WINDOWS\System32\msvcp_win.dll
0x00007fffbd450000 - 0x00007fffbd54a000 	C:\WINDOWS\System32\ucrtbase.dll
0x00007fffb3250000 - 0x00007fffb34b9000 	C:\WINDOWS\WinSxS\amd64_microsoft.windows.common-controls_6595b64144ccf1df_6.0.17134.285_none_fb4297e330656775\COMCTL32.dll
0x00007fffbef30000 - 0x00007fffbf253000 	C:\WINDOWS\System32\combase.dll
0x00007fffbd3d0000 - 0x00007fffbd44a000 	C:\WINDOWS\System32\bcryptPrimitives.dll
0x00007fffbe720000 - 0x00007fffbe74d000 	C:\WINDOWS\System32\IMM32.DLL
0x000000006ba10000 - 0x000000006bae2000 	H:\mylib\Java\jdk1.8.0_144\jre\bin\msvcr100.dll
0x000000006b170000 - 0x000000006ba0d000 	H:\mylib\Java\jdk1.8.0_144\jre\bin\server\jvm.dll
0x00007fffbe750000 - 0x00007fffbe758000 	C:\WINDOWS\System32\PSAPI.DLL
0x00007fffb9130000 - 0x00007fffb9139000 	C:\WINDOWS\SYSTEM32\WSOCK32.dll
0x00007fffb9e00000 - 0x00007fffb9e23000 	C:\WINDOWS\SYSTEM32\WINMM.dll
0x00007fffb6ff0000 - 0x00007fffb6ffa000 	C:\WINDOWS\SYSTEM32\VERSION.dll
0x00007fffbf260000 - 0x00007fffbf2cc000 	C:\WINDOWS\System32\WS2_32.dll
0x00007fffb9dd0000 - 0x00007fffb9dfa000 	C:\WINDOWS\SYSTEM32\winmmbase.dll
0x00007fffbd5f0000 - 0x00007fffbd639000 	C:\WINDOWS\System32\cfgmgr32.dll
0x000000006b160000 - 0x000000006b16f000 	H:\mylib\Java\jdk1.8.0_144\jre\bin\verify.dll
0x000000006b130000 - 0x000000006b159000 	H:\mylib\Java\jdk1.8.0_144\jre\bin\java.dll
0x000000006b0f0000 - 0x000000006b125000 	H:\mylib\Java\jdk1.8.0_144\jre\bin\jdwp.dll
0x000000006b0e0000 - 0x000000006b0e8000 	H:\mylib\Java\jdk1.8.0_144\jre\bin\npt.dll
0x000000006b0c0000 - 0x000000006b0d6000 	H:\mylib\Java\jdk1.8.0_144\jre\bin\zip.dll
0x00007fffbf540000 - 0x00007fffc0980000 	C:\WINDOWS\System32\SHELL32.dll
0x00007fffbf3f0000 - 0x00007fffbf499000 	C:\WINDOWS\System32\shcore.dll
0x00007fffbdd80000 - 0x00007fffbe48d000 	C:\WINDOWS\System32\windows.storage.dll
0x00007fffc0e40000 - 0x00007fffc0e91000 	C:\WINDOWS\System32\shlwapi.dll
0x00007fffbd3b0000 - 0x00007fffbd3c1000 	C:\WINDOWS\System32\kernel.appcore.dll
0x00007fffbd370000 - 0x00007fffbd38f000 	C:\WINDOWS\System32\profapi.dll
0x00007fffbd310000 - 0x00007fffbd35c000 	C:\WINDOWS\System32\powrprof.dll
0x00007fffbd360000 - 0x00007fffbd36a000 	C:\WINDOWS\System32\FLTLIB.DLL
0x000000006b0b0000 - 0x000000006b0b9000 	H:\mylib\Java\jdk1.8.0_144\jre\bin\dt_socket.dll
0x00007fffa8b50000 - 0x00007fffa8b70000 	C:\WINDOWS\system32\PrxerDrv.dll
0x00007fffbcb70000 - 0x00007fffbcbd6000 	C:\WINDOWS\system32\mswsock.dll
0x00007fffa0b80000 - 0x00007fffa0b9c000 	C:\WINDOWS\System32\PrxerNsp.dll
0x00007fffbcd20000 - 0x00007fffbcd37000 	C:\WINDOWS\SYSTEM32\CRYPTSP.dll
0x00007fffbc750000 - 0x00007fffbc783000 	C:\WINDOWS\system32\rsaenh.dll
0x00007fffbce50000 - 0x00007fffbce75000 	C:\WINDOWS\SYSTEM32\bcrypt.dll
0x00007fffbd240000 - 0x00007fffbd268000 	C:\WINDOWS\SYSTEM32\USERENV.dll
0x00007fffbcd40000 - 0x00007fffbcd4b000 	C:\WINDOWS\SYSTEM32\CRYPTBASE.dll
0x000000006b090000 - 0x000000006b0aa000 	H:\mylib\Java\jdk1.8.0_144\jre\bin\net.dll
0x00007fffbc8f0000 - 0x00007fffbc928000 	C:\WINDOWS\SYSTEM32\IPHLPAPI.DLL
0x00007fffc0d40000 - 0x00007fffc0d48000 	C:\WINDOWS\System32\NSI.dll
0x00007fffb6f10000 - 0x00007fffb6f26000 	C:\WINDOWS\SYSTEM32\dhcpcsvc6.DLL
0x00007fffb6ef0000 - 0x00007fffb6f0a000 	C:\WINDOWS\SYSTEM32\dhcpcsvc.DLL
0x000000006b070000 - 0x000000006b081000 	H:\mylib\Java\jdk1.8.0_144\jre\bin\nio.dll
0x000000006b040000 - 0x000000006b064000 	H:\mylib\Java\jdk1.8.0_144\jre\bin\sunec.dll
0x000000006b030000 - 0x000000006b03b000 	H:\mylib\Java\jdk1.8.0_144\jre\bin\sunmscapi.dll
0x00007fffbdae0000 - 0x00007fffbdcc2000 	C:\WINDOWS\System32\CRYPT32.dll
0x00007fffbd390000 - 0x00007fffbd3a2000 	C:\WINDOWS\System32\MSASN1.dll

VM Arguments:
jvm_args: -agentlib:jdwp=transport=dt_socket,address=127.0.0.1:52106,suspend=y,server=n -Dfile.encoding=UTF-8 
java_command: appcloud.distributed.CloudStartUp
java_class_path (initial): H:\mylib\Java\jdk1.8.0_144\jre\lib\charsets.jar;H:\mylib\Java\jdk1.8.0_144\jre\lib\deploy.jar;H:\mylib\Java\jdk1.8.0_144\jre\lib\ext\access-bridge-64.jar;H:\mylib\Java\jdk1.8.0_144\jre\lib\ext\cldrdata.jar;H:\mylib\Java\jdk1.8.0_144\jre\lib\ext\dnsns.jar;H:\mylib\Java\jdk1.8.0_144\jre\lib\ext\jaccess.jar;H:\mylib\Java\jdk1.8.0_144\jre\lib\ext\jfxrt.jar;H:\mylib\Java\jdk1.8.0_144\jre\lib\ext\localedata.jar;H:\mylib\Java\jdk1.8.0_144\jre\lib\ext\nashorn.jar;H:\mylib\Java\jdk1.8.0_144\jre\lib\ext\sunec.jar;H:\mylib\Java\jdk1.8.0_144\jre\lib\ext\sunjce_provider.jar;H:\mylib\Java\jdk1.8.0_144\jre\lib\ext\sunmscapi.jar;H:\mylib\Java\jdk1.8.0_144\jre\lib\ext\sunpkcs11.jar;H:\mylib\Java\jdk1.8.0_144\jre\lib\ext\zipfs.jar;H:\mylib\Java\jdk1.8.0_144\jre\lib\javaws.jar;H:\mylib\Java\jdk1.8.0_144\jre\lib\jce.jar;H:\mylib\Java\jdk1.8.0_144\jre\lib\jfr.jar;H:\mylib\Java\jdk1.8.0_144\jre\lib\jfxswt.jar;H:\mylib\Java\jdk1.8.0_144\jre\lib\jsse.jar;H:\mylib\Java\jdk1.8.0_144\jre\lib\management-agent.jar;H:\mylib\Java\jdk1.8.0_144\jre\lib\plugin.jar;H:\mylib\Java\jdk1.8.0_144\jre\lib\resources.jar;H:\mylib\Java\jdk1.8.0_144\jre\lib\rt.jar;H:\code\Intellij Idea\openapi\distributed-cloud\appcloud-distributed-controller\target\classes;H:\code\Intellij Idea\openapi\distributed-cloud\netty-remoting\target\classes;C:\Users\Administrator\.m2\repository\io\netty\netty-all\4.0.36.Final\netty-all-4.0.36.Final.jar;H:\code\Intellij Idea\openapi\distributed-cloud\common\target\classes;C:\Users\Administrator\.m2\repository\commons-io\commons-io\2.4\commons-io-2.4.jar;C:\Users\Administrator\.m2\repository\com\jcraft\jsch\0.1.46\jsch-0.1.46.jar;H:\code\Intellij Idea\openapi\vm-fe-common\trunk\target\classes;C:\Users\Administrator\.m2\repository\com\free4lab\utils\free4lab-common-utils\1.0.20151224-SNAPSHOT\free4lab-common-utils-1.0.20151224-SNAPSHOT.jar;C:\Users\Administrator\.m2\repository\turbine\turbine\2.4-M1\turbine-2.4-M1.jar;C:\Users\Administrator\.m2\repository\co
Launcher Type: SUN_STANDARD

Environment Variables:
PATH=C:\ProgramData\Oracle\Java\javapath;C:\windows\system32;C:\windows;C:\windows\System32\Wbem;C:\windows\System32\WindowsPowerShell\v1.0\;H:\software\Latex\CTEX\UserData\miktex\bin;H:\software\Latex\CTEX\MiKTeX\miktex\bin;H:\software\Latex\CTEX\CTeX\ctex\bin;H:\software\Latex\CTEX\CTeX\cct\bin;H:\software\Latex\CTEX\CTeX\ty\bin;H:\software\Latex\CTEX\Ghostscript\gs9.05\bin;H:\software\Latex\CTEX\GSview\gsview;H:\software\Latex\CTEX\WinEdt;C:\Program Files\TortoiseSVN\bin;H:\mylib\Java\jdk1.8.0_144\bin;C:\Program Files (x86)\NVIDIA Corporation\PhysX\Common;H:\software\gitReal\Git\cmd;C:\WINDOWS\system32;C:\WINDOWS;C:\WINDOWS\System32\Wbem;C:\WINDOWS\System32\WindowsPowerShell\v1.0\;C:\WINDOWS\System32\OpenSSH\;C:\Users\Administrator\AppData\Local\Microsoft\WindowsApps;
USERNAME=Administrator
OS=Windows_NT
PROCESSOR_IDENTIFIER=Intel64 Family 6 Model 158 Stepping 9, GenuineIntel



---------------  S Y S T E M  ---------------

OS: Windows 10.0 , 64 bit Build 17134 (10.0.17134.1)

CPU:total 8 (initial active 8) (4 cores per cpu, 2 threads per core) family 6 model 158 stepping 9, cmov, cx8, fxsr, mmx, sse, sse2, sse3, ssse3, sse4.1, sse4.2, popcnt, avx, avx2, aes, clmul, erms, rtm, 3dnowpref, lzcnt, ht, tsc, tscinvbit, bmi1, bmi2, adx

Memory: 4k page, physical 16636260k(2911272k free), swap 25024868k(0k free)

vm_info: Java HotSpot(TM) 64-Bit Server VM (25.144-b01) for windows-amd64 JRE (1.8.0_144-b01), built on Jul 21 2017 21:57:33 by "java_re" with MS VC++ 10.0 (VS2010)

time: Sat Oct 13 10:46:20 2018
elapsed time: 66571 seconds (0d 18h 29m 31s)

